#
# A fatal error has been detected by the Java Runtime Environment:
#
#  SIGSEGV (0xb) at pc=0x0000000109d8a17b, pid=29689, tid=6659
#
# JRE version: Java(TM) SE Runtime Environment (7.0_80-b15) (build 1.7.0_80-b15)
# Java VM: Java HotSpot(TM) 64-Bit Server VM (24.80-b11 mixed mode bsd-amd64 compressed oops)
# Problematic frame:
# C  [liblwawt.dylib+0xe17b]  JNI_OnLoad+0x91
#
# Failed to write core dump. Core dumps have been disabled. To enable core dumping, try "ulimit -c unlimited" before starting Java again
#
# If you would like to submit a bug report, please visit:
#   http://bugreport.java.com/bugreport/crash.jsp
# The crash happened outside the Java Virtual Machine in native code.
# See problematic frame for where to report the bug.
#

---------------  T H R E A D  ---------------

Current thread (0x00007fb1f1801000):  JavaThread "main" [_thread_in_native, id=6659, stack(0x00007000050a1000,0x00007000051a1000)]

siginfo:si_signo=SIGSEGV: si_errno=0, si_code=1 (SEGV_MAPERR), si_addr=0x0000000000000000

Registers:
RAX=0x0000000109ecd1d0, RBX=0x0000000000000000, RCX=0x00000000fffffff5, RDX=0x0000000000001a03
RSP=0x00007000051a04c0, RBP=0x00007000051a0540, RSI=0x0000000000001a03, RDI=0x0000000000000000
R8 =0x0000000000000010, R9 =0x00000000fffffff0, R10=0x00007fb1f0d1a750, R11=0x0000000109fb1641
R12=0x00007fb1f0d1a5a0, R13=0x0000000109d8a0ea, R14=0x0000000101572518, R15=0x00007fb1f0e1b600
RIP=0x0000000109d8a17b, EFLAGS=0x0000000000010206, ERR=0x0000000000000004
  TRAPNO=0x000000000000000e

Top of Stack: (sp=0x00007000051a04c0)
0x00007000051a04c0:   0000000000000000 000000010064616f
0x00007000051a04d0:   0000000109e08529 00007fb1f0e1b910
0x00007000051a04e0:   ae6f3805e03500e1 00008e0000008e00
0x00007000051a04f0:   0000000109d8a0ea 00007fb1f0d1a5a0
0x00007000051a0500:   00000001004cf3f0 00007fb1f0e1b600
0x00007000051a0510:   00007000051a0540 ae6f3805e03500e1
0x00007000051a0520:   00007000051a0728 00007fb1f0d1a5a0
0x00007000051a0530:   00007fb1f18011e8 00007fb1f0e1b600
0x00007000051a0540:   00007000051a06a0 00000001004b6443
0x00007000051a0550:   00007fb1f0e04bb8 00007000051a0720
0x00007000051a0560:   0000000101572518 00000001004cf3f0
0x00007000051a0570:   00007fb1f0e04bb8 00007fb1f0e04bc0
0x00007000051a0580:   00007000051a0630 00000001010b2276
0x00007000051a0590:   00007000051a0640 00000007eab517f0
0x00007000051a05a0:   0000000101882443 000000010186a310
0x00007000051a05b0:   0000000100000000 00007000051a06a0
0x00007000051a05c0:   0000000000000055 00007000051a05c8
0x00007000051a05d0:   00000007bae06fa0 00007000051a0148
0x00007000051a05e0:   00000007baeaf0a0 00007000051a0598
0x00007000051a05f0:   00007000051a05d9 0000000000000001
0x00007000051a0600:   00007000051a0600 00000007baec21c8
0x00007000051a0610:   00007000051a0658 00000007baec9228
0x00007000051a0620:   0000000000000000 00000007baec21e0
0x00007000051a0630:   0000000000000000 00007000051a0650
0x00007000051a0640:   0000000000000000 00000007eab517f0
0x00007000051a0650:   0000000000000000 00000007eaa842f0
0x00007000051a0660:   0000000000000001 0000000000000000
0x00007000051a0670:   ae6f3805e03500e1 00000007bafb2b30
0x00007000051a0680:   0000000000000000 00000007bafb2b30
0x00007000051a0690:   00007000051a0728 00007fb1f1801000
0x00007000051a06a0:   00007000051a0700 0000000101877758
0x00007000051a06b0:   00007000051a0710 000000010186b058 

Instructions: (pc=0x0000000109d8a17b)
0x0000000109d8a15b:   c0 e8 29 7c 03 00 4c 89 f7 e8 7f 75 03 00 48 c7
0x0000000109d8a16b:   45 80 00 00 00 00 48 8b 05 b8 42 06 00 48 8b 38
0x0000000109d8a17b:   48 8b 07 48 8d 75 80 ba 04 00 01 00 ff 50 30 85
0x0000000109d8a18b:   c0 75 07 48 83 7d 80 00 75 53 48 8b 35 e4 c4 06 

Register to memory mapping:

RAX=0x0000000109ecd1d0: jvm+0 in /Library/Java/JavaVirtualMachines/jdk1.7.0_80.jdk/Contents/Home/jre/lib/./libawt.dylib at 0x0000000109e32000
RBX=0x0000000000000000 is an unknown value
RCX=0x00000000fffffff5 is an unknown value
RDX=0x0000000000001a03 is an unknown value
RSP=0x00007000051a04c0 is pointing into the stack for thread: 0x00007fb1f1801000
RBP=0x00007000051a0540 is pointing into the stack for thread: 0x00007fb1f1801000
RSI=0x0000000000001a03 is an unknown value
RDI=0x0000000000000000 is an unknown value
R8 =0x0000000000000010 is an unknown value
R9 =0x00000000fffffff0 is an unknown value
R10=0x00007fb1f0d1a750 is an unknown value
R11=0x0000000109fb1641: OSXAPP_SetJavaVM+0 in /Library/Java/JavaVirtualMachines/jdk1.7.0_80.jdk/Contents/Home/jre/lib/./libosxapp.dylib at 0x0000000109fad000
R12=0x00007fb1f0d1a5a0 is an unknown value
R13=0x0000000109d8a0ea: JNI_OnLoad+0 in /Library/Java/JavaVirtualMachines/jdk1.7.0_80.jdk/Contents/Home/jre/lib/lwawt/liblwawt.dylib at 0x0000000109d7c000
R14=0x0000000101572518: main_vm+0 in /Library/Java/JavaVirtualMachines/jdk1.7.0_80.jdk/Contents/Home/jre/lib/server/libjvm.dylib at 0x0000000100e00000
R15=0x00007fb1f0e1b600 is an unknown value


Stack: [0x00007000050a1000,0x00007000051a1000],  sp=0x00007000051a04c0,  free space=1021k
Native frames: (J=compiled Java code, j=interpreted, Vv=VM code, C=native code)
C  [liblwawt.dylib+0xe17b]  JNI_OnLoad+0x91
C  [libjava.dylib+0x1443]  Java_java_lang_ClassLoader_00024NativeLibrary_load+0xcf
j  java.lang.ClassLoader$NativeLibrary.load(Ljava/lang/String;)V+0
j  java.lang.ClassLoader.loadLibrary1(Ljava/lang/Class;Ljava/io/File;)Z+302
j  java.lang.ClassLoader.loadLibrary0(Ljava/lang/Class;Ljava/io/File;)Z+2
j  java.lang.ClassLoader.loadLibrary(Ljava/lang/Class;Ljava/lang/String;Z)V+217
j  java.lang.Runtime.loadLibrary0(Ljava/lang/Class;Ljava/lang/String;)V+54
j  java.lang.System.loadLibrary(Ljava/lang/String;)V+7
j  com.ru.usty.elevator.ElevatorMainProgram.main([Ljava/lang/String;)V+2
v  ~StubRoutines::call_stub
V  [libjvm.dylib+0x2dc898]  JavaCalls::call_helper(JavaValue*, methodHandle*, JavaCallArguments*, Thread*)+0x22a
V  [libjvm.dylib+0x2dc668]  JavaCalls::call(JavaValue*, methodHandle, JavaCallArguments*, Thread*)+0x28
V  [libjvm.dylib+0x31004e]  jni_invoke_static(JNIEnv_*, JavaValue*, _jobject*, JNICallType, _jmethodID*, JNI_ArgumentPusher*, Thread*)+0xe6
V  [libjvm.dylib+0x3091e9]  jni_CallStaticVoidMethod+0x10b
C  [java+0x30fe]  JavaMain+0x91d
C  [libsystem_pthread.dylib+0x36c1]  _pthread_body+0x154
C  [libsystem_pthread.dylib+0x356d]  _pthread_body+0x0
C  [libsystem_pthread.dylib+0x2c5d]  thread_start+0xd

Java frames: (J=compiled Java code, j=interpreted, Vv=VM code)
j  java.lang.ClassLoader$NativeLibrary.load(Ljava/lang/String;)V+0
j  java.lang.ClassLoader.loadLibrary1(Ljava/lang/Class;Ljava/io/File;)Z+302
j  java.lang.ClassLoader.loadLibrary0(Ljava/lang/Class;Ljava/io/File;)Z+2
j  java.lang.ClassLoader.loadLibrary(Ljava/lang/Class;Ljava/lang/String;Z)V+217
j  java.lang.Runtime.loadLibrary0(Ljava/lang/Class;Ljava/lang/String;)V+54
j  java.lang.System.loadLibrary(Ljava/lang/String;)V+7
j  com.ru.usty.elevator.ElevatorMainProgram.main([Ljava/lang/String;)V+2
v  ~StubRoutines::call_stub

---------------  P R O C E S S  ---------------

Java Threads: ( => current thread )
  0x00007fb1f1837800 JavaThread "Service Thread" daemon [_thread_blocked, id=17667, stack(0x0000700005bc2000,0x0000700005cc2000)]
  0x00007fb1f1836800 JavaThread "C2 CompilerThread1" daemon [_thread_blocked, id=17155, stack(0x0000700005abf000,0x0000700005bbf000)]
  0x00007fb1f1036000 JavaThread "C2 CompilerThread0" daemon [_thread_blocked, id=16643, stack(0x00007000059bc000,0x0000700005abc000)]
  0x00007fb1f1835000 JavaThread "Signal Dispatcher" daemon [_thread_blocked, id=15883, stack(0x00007000058b9000,0x00007000059b9000)]
  0x00007fb1f180b800 JavaThread "Finalizer" daemon [_thread_blocked, id=12803, stack(0x00007000057b6000,0x00007000058b6000)]
  0x00007fb1f180b000 JavaThread "Reference Handler" daemon [_thread_blocked, id=12291, stack(0x00007000056b3000,0x00007000057b3000)]
=>0x00007fb1f1801000 JavaThread "main" [_thread_in_native, id=6659, stack(0x00007000050a1000,0x00007000051a1000)]

Other Threads:
  0x00007fb1f180a000 VMThread [stack: 0x00007000055b0000,0x00007000056b0000] [id=11779]
  0x00007fb1f1035800 WatcherThread [stack: 0x0000700005cc5000,0x0000700005dc5000] [id=18179]

VM state:not at safepoint (normal execution)

VM Mutex/Monitor currently owned by a thread: None

Heap
 PSYoungGen      total 19456K, used 1014K [0x00000007eaa80000, 0x00000007ec000000, 0x0000000800000000)
  eden space 16896K, 6% used [0x00000007eaa80000,0x00000007eab7d808,0x00000007ebb00000)
  from space 2560K, 0% used [0x00000007ebd80000,0x00000007ebd80000,0x00000007ec000000)
  to   space 2560K, 0% used [0x00000007ebb00000,0x00000007ebb00000,0x00000007ebd80000)
 ParOldGen       total 43520K, used 0K [0x00000007c0000000, 0x00000007c2a80000, 0x00000007eaa80000)
  object space 43520K, 0% used [0x00000007c0000000,0x00000007c0000000,0x00000007c2a80000)
 PSPermGen       total 21504K, used 2620K [0x00000007bae00000, 0x00000007bc300000, 0x00000007c0000000)
  object space 21504K, 12% used [0x00000007bae00000,0x00000007bb08f348,0x00000007bc300000)

Card table byte_map: [0x0000000104865000,0x0000000104a8f000] byte_map_base: 0x0000000100a8e000

Polling page: 0x00000001004e5000

Code Cache  [0x0000000101865000, 0x0000000101ad5000, 0x0000000104865000)
 total_blobs=183 nmethods=2 adapters=136 free_code_cache=48768Kb largest_free_block=49915712

Compilation events (4 events):
Event: 0.163 Thread 0x00007fb1f1036000    1             java.lang.String::indexOf (70 bytes)
Event: 0.163 Thread 0x00007fb1f1836800    2             java.lang.String::hashCode (55 bytes)
Event: 0.189 Thread 0x00007fb1f1836800 nmethod 2 0x00000001018ca550 code [0x00000001018ca6a0, 0x00000001018ca818]
Event: 0.189 Thread 0x00007fb1f1036000 nmethod 1 0x00000001018c6950 code [0x00000001018c6aa0, 0x00000001018c6c98]

GC Heap History (0 events):
No events

Deoptimization events (0 events):
No events

Internal exceptions (2 events):
Event: 0.107 Thread 0x00007fb1f1801000 Threw 0x00000007eaa8f4f8 at /Users/java_re/workspace/7u-2-build-macosx-x86_64/jdk7u80/2329/hotspot/src/share/vm/prims/jni.cpp:3991
Event: 0.161 Thread 0x00007fb1f1801000 Threw 0x00000007eab38438 at /Users/java_re/workspace/7u-2-build-macosx-x86_64/jdk7u80/2329/hotspot/src/share/vm/prims/jvm.cpp:1319

Events (10 events):
Event: 0.175 loading class 0x00007fb1f101ebf0
Event: 0.175 loading class 0x00007fb1f101ebf0 done
Event: 0.175 loading class 0x00007fb1f101c7f0
Event: 0.175 loading class 0x00007fb1f101c7f0 done
Event: 0.175 loading class 0x00007fb1f101c820
Event: 0.175 loading class 0x00007fb1f101c820 done
Event: 0.175 loading class 0x000000010712b710
Event: 0.175 loading class 0x000000010712b710 done
Event: 0.176 loading class 0x0000000107113170
Event: 0.176 loading class 0x0000000107113170 done


Dynamic libraries:
0x000000000b623000 	/System/Library/Frameworks/Cocoa.framework/Versions/A/Cocoa
0x000000000b623000 	/System/Library/Frameworks/Security.framework/Versions/A/Security
0x000000000b623000 	/System/Library/Frameworks/ApplicationServices.framework/Versions/A/ApplicationServices
0x000000000b623000 	/usr/lib/libz.1.dylib
0x000000000b623000 	/usr/lib/libSystem.B.dylib
0x000000000b623000 	/usr/lib/libobjc.A.dylib
0x000000000b623000 	/System/Library/Frameworks/CoreFoundation.framework/Versions/A/CoreFoundation
0x000000000b623000 	/System/Library/Frameworks/Foundation.framework/Versions/C/Foundation
0x000000000b623000 	/System/Library/Frameworks/AppKit.framework/Versions/C/AppKit
0x000000000b623000 	/System/Library/Frameworks/CoreData.framework/Versions/A/CoreData
0x000000000b623000 	/System/Library/PrivateFrameworks/RemoteViewServices.framework/Versions/A/RemoteViewServices
0x000000000b623000 	/System/Library/PrivateFrameworks/UIFoundation.framework/Versions/A/UIFoundation
0x000000000b623000 	/System/Library/PrivateFrameworks/DFRFoundation.framework/Versions/A/DFRFoundation
0x000000000b623000 	/System/Library/Frameworks/Metal.framework/Versions/A/Metal
0x000000000b623000 	/System/Library/PrivateFrameworks/DesktopServicesPriv.framework/Versions/A/DesktopServicesPriv
0x000000000b623000 	/usr/lib/libenergytrace.dylib
0x000000000b623000 	/System/Library/PrivateFrameworks/SkyLight.framework/Versions/A/SkyLight
0x000000000b623000 	/System/Library/Frameworks/CoreGraphics.framework/Versions/A/CoreGraphics
0x000000000b623000 	/usr/lib/libScreenReader.dylib
0x000000000b623000 	/System/Library/Frameworks/Accelerate.framework/Versions/A/Accelerate
0x000000000b623000 	/System/Library/Frameworks/IOSurface.framework/Versions/A/IOSurface
0x000000000b623000 	/System/Library/Frameworks/AudioToolbox.framework/Versions/A/AudioToolbox
0x000000000b623000 	/System/Library/Frameworks/AudioUnit.framework/Versions/A/AudioUnit
0x000000000b623000 	/System/Library/PrivateFrameworks/DataDetectorsCore.framework/Versions/A/DataDetectorsCore
0x000000000b623000 	/System/Library/Frameworks/Carbon.framework/Versions/A/Frameworks/HIToolbox.framework/Versions/A/HIToolbox
0x000000000b623000 	/usr/lib/libicucore.A.dylib
0x000000000b623000 	/System/Library/Frameworks/QuartzCore.framework/Versions/A/QuartzCore
0x000000000b623000 	/System/Library/Frameworks/Carbon.framework/Versions/A/Frameworks/SpeechRecognition.framework/Versions/A/SpeechRecognition
0x000000000b623000 	/usr/lib/libauto.dylib
0x000000000b623000 	/usr/lib/libxml2.2.dylib
0x000000000b623000 	/System/Library/PrivateFrameworks/CoreUI.framework/Versions/A/CoreUI
0x000000000b623000 	/System/Library/Frameworks/CoreAudio.framework/Versions/A/CoreAudio
0x000000000b623000 	/System/Library/Frameworks/DiskArbitration.framework/Versions/A/DiskArbitration
0x000000000b623000 	/usr/lib/liblangid.dylib
0x000000000b623000 	/System/Library/PrivateFrameworks/MultitouchSupport.framework/Versions/A/MultitouchSupport
0x000000000b623000 	/System/Library/Frameworks/IOKit.framework/Versions/A/IOKit
0x000000000b623000 	/usr/lib/libDiagnosticMessagesClient.dylib
0x000000000b623000 	/System/Library/Frameworks/CoreServices.framework/Versions/A/CoreServices
0x000000000b623000 	/System/Library/PrivateFrameworks/PerformanceAnalysis.framework/Versions/A/PerformanceAnalysis
0x000000000b623000 	/System/Library/Frameworks/OpenGL.framework/Versions/A/OpenGL
0x000000000b623000 	/System/Library/Frameworks/ColorSync.framework/Versions/A/ColorSync
0x000000000b623000 	/System/Library/Frameworks/CoreImage.framework/Versions/A/CoreImage
0x000000000b623000 	/System/Library/Frameworks/CoreText.framework/Versions/A/CoreText
0x000000000b623000 	/System/Library/Frameworks/ImageIO.framework/Versions/A/ImageIO
0x000000000b623000 	/System/Library/PrivateFrameworks/Backup.framework/Versions/A/Backup
0x000000000b623000 	/usr/lib/libarchive.2.dylib
0x000000000b623000 	/System/Library/Frameworks/CFNetwork.framework/Versions/A/CFNetwork
0x000000000b623000 	/System/Library/Frameworks/SystemConfiguration.framework/Versions/A/SystemConfiguration
0x000000000b623000 	/usr/lib/libCRFSuite.dylib
0x000000000b623000 	/usr/lib/libc++.1.dylib
0x000000000b623000 	/usr/lib/libc++abi.dylib
0x000000000b623000 	/usr/lib/system/libcache.dylib
0x000000000b623000 	/usr/lib/system/libcommonCrypto.dylib
0x000000000b623000 	/usr/lib/system/libcompiler_rt.dylib
0x000000000b623000 	/usr/lib/system/libcopyfile.dylib
0x000000000b623000 	/usr/lib/system/libcorecrypto.dylib
0x000000000b623000 	/usr/lib/system/libdispatch.dylib
0x000000000b623000 	/usr/lib/system/libdyld.dylib
0x000000000b623000 	/usr/lib/system/libkeymgr.dylib
0x000000000b623000 	/usr/lib/system/liblaunch.dylib
0x000000000b623000 	/usr/lib/system/libmacho.dylib
0x000000000b623000 	/usr/lib/system/libquarantine.dylib
0x000000000b623000 	/usr/lib/system/libremovefile.dylib
0x000000000b623000 	/usr/lib/system/libsystem_asl.dylib
0x000000000b623000 	/usr/lib/system/libsystem_blocks.dylib
0x000000000b623000 	/usr/lib/system/libsystem_c.dylib
0x000000000b623000 	/usr/lib/system/libsystem_configuration.dylib
0x000000000b623000 	/usr/lib/system/libsystem_coreservices.dylib
0x000000000b623000 	/usr/lib/system/libsystem_darwin.dylib
0x000000000b623000 	/usr/lib/system/libsystem_dnssd.dylib
0x000000000b623000 	/usr/lib/system/libsystem_info.dylib
0x000000000b623000 	/usr/lib/system/libsystem_m.dylib
0x000000000b623000 	/usr/lib/system/libsystem_malloc.dylib
0x000000000b623000 	/usr/lib/system/libsystem_network.dylib
0x000000000b623000 	/usr/lib/system/libsystem_networkextension.dylib
0x000000000b623000 	/usr/lib/system/libsystem_notify.dylib
0x000000000b623000 	/usr/lib/system/libsystem_sandbox.dylib
0x000000000b623000 	/usr/lib/system/libsystem_secinit.dylib
0x000000000b623000 	/usr/lib/system/libsystem_kernel.dylib
0x000000000b623000 	/usr/lib/system/libsystem_platform.dylib
0x000000000b623000 	/usr/lib/system/libsystem_pthread.dylib
0x000000000b623000 	/usr/lib/system/libsystem_symptoms.dylib
0x000000000b623000 	/usr/lib/system/libsystem_trace.dylib
0x000000000b623000 	/usr/lib/system/libunwind.dylib
0x000000000b623000 	/usr/lib/system/libxpc.dylib
0x000000000b623000 	/usr/lib/closure/libclosured.dylib
0x000000000b623000 	/usr/lib/libbsm.0.dylib
0x000000000b623000 	/usr/lib/system/libkxld.dylib
0x000000000b623000 	/usr/lib/libOpenScriptingUtil.dylib
0x000000000b623000 	/usr/lib/libcoretls.dylib
0x000000000b623000 	/usr/lib/libcoretls_cfhelpers.dylib
0x000000000b623000 	/usr/lib/libpam.2.dylib
0x000000000b623000 	/usr/lib/libsqlite3.dylib
0x000000000b623000 	/usr/lib/libxar.1.dylib
0x000000000b623000 	/usr/lib/libbz2.1.0.dylib
0x000000000b623000 	/usr/lib/liblzma.5.dylib
0x000000000b623000 	/usr/lib/libnetwork.dylib
0x000000000b623000 	/usr/lib/libapple_nghttp2.dylib
0x000000000b623000 	/usr/lib/libpcap.A.dylib
0x000000000b623000 	/usr/lib/libboringssl.dylib
0x000000000b623000 	/usr/lib/libusrtcp.dylib
0x000000000b623000 	/usr/lib/libapple_crypto.dylib
0x000000000b623000 	/System/Library/Frameworks/CoreServices.framework/Versions/A/Frameworks/FSEvents.framework/Versions/A/FSEvents
0x000000000b623000 	/System/Library/Frameworks/CoreServices.framework/Versions/A/Frameworks/CarbonCore.framework/Versions/A/CarbonCore
0x000000000b623000 	/System/Library/Frameworks/CoreServices.framework/Versions/A/Frameworks/Metadata.framework/Versions/A/Metadata
0x000000000b623000 	/System/Library/Frameworks/CoreServices.framework/Versions/A/Frameworks/OSServices.framework/Versions/A/OSServices
0x000000000b623000 	/System/Library/Frameworks/CoreServices.framework/Versions/A/Frameworks/SearchKit.framework/Versions/A/SearchKit
0x000000000b623000 	/System/Library/Frameworks/CoreServices.framework/Versions/A/Frameworks/AE.framework/Versions/A/AE
0x000000000b623000 	/System/Library/Frameworks/CoreServices.framework/Versions/A/Frameworks/LaunchServices.framework/Versions/A/LaunchServices
0x000000000b623000 	/System/Library/Frameworks/CoreServices.framework/Versions/A/Frameworks/DictionaryServices.framework/Versions/A/DictionaryServices
0x000000000b623000 	/System/Library/Frameworks/CoreServices.framework/Versions/A/Frameworks/SharedFileList.framework/Versions/A/SharedFileList
0x000000000b623000 	/System/Library/Frameworks/NetFS.framework/Versions/A/NetFS
0x000000000b623000 	/System/Library/PrivateFrameworks/NetAuth.framework/Versions/A/NetAuth
0x000000000b623000 	/System/Library/PrivateFrameworks/login.framework/Versions/A/Frameworks/loginsupport.framework/Versions/A/loginsupport
0x000000000b623000 	/System/Library/PrivateFrameworks/TCC.framework/Versions/A/TCC
0x000000000b623000 	/usr/lib/libmecabra.dylib
0x000000000b623000 	/System/Library/Frameworks/ApplicationServices.framework/Versions/A/Frameworks/ATS.framework/Versions/A/ATS
0x000000000b623000 	/System/Library/Frameworks/ApplicationServices.framework/Versions/A/Frameworks/ColorSyncLegacy.framework/Versions/A/ColorSyncLegacy
0x000000000b623000 	/System/Library/Frameworks/ApplicationServices.framework/Versions/A/Frameworks/HIServices.framework/Versions/A/HIServices
0x000000000b623000 	/System/Library/Frameworks/ApplicationServices.framework/Versions/A/Frameworks/LangAnalysis.framework/Versions/A/LangAnalysis
0x000000000b623000 	/System/Library/Frameworks/ApplicationServices.framework/Versions/A/Frameworks/PrintCore.framework/Versions/A/PrintCore
0x000000000b623000 	/System/Library/Frameworks/ApplicationServices.framework/Versions/A/Frameworks/QD.framework/Versions/A/QD
0x000000000b623000 	/System/Library/Frameworks/ApplicationServices.framework/Versions/A/Frameworks/SpeechSynthesis.framework/Versions/A/SpeechSynthesis
0x000000000b623000 	/System/Library/Frameworks/CoreDisplay.framework/Versions/A/CoreDisplay
0x000000000b623000 	/System/Library/Frameworks/Accelerate.framework/Versions/A/Frameworks/vImage.framework/Versions/A/vImage
0x000000000b623000 	/System/Library/Frameworks/Accelerate.framework/Versions/A/Frameworks/vecLib.framework/Versions/A/vecLib
0x000000000b623000 	/System/Library/Frameworks/Accelerate.framework/Versions/A/Frameworks/vecLib.framework/Versions/A/libvDSP.dylib
0x000000000b623000 	/System/Library/Frameworks/Accelerate.framework/Versions/A/Frameworks/vecLib.framework/Versions/A/libBNNS.dylib
0x000000000b623000 	/System/Library/Frameworks/Accelerate.framework/Versions/A/Frameworks/vecLib.framework/Versions/A/libQuadrature.dylib
0x000000000b623000 	/System/Library/Frameworks/Accelerate.framework/Versions/A/Frameworks/vecLib.framework/Versions/A/libvMisc.dylib
0x000000000b623000 	/System/Library/Frameworks/Accelerate.framework/Versions/A/Frameworks/vecLib.framework/Versions/A/libLAPACK.dylib
0x000000000b623000 	/System/Library/Frameworks/Accelerate.framework/Versions/A/Frameworks/vecLib.framework/Versions/A/libBLAS.dylib
0x000000000b623000 	/System/Library/Frameworks/Accelerate.framework/Versions/A/Frameworks/vecLib.framework/Versions/A/libLinearAlgebra.dylib
0x000000000b623000 	/System/Library/Frameworks/Accelerate.framework/Versions/A/Frameworks/vecLib.framework/Versions/A/libSparse.dylib
0x000000000b623000 	/System/Library/Frameworks/Accelerate.framework/Versions/A/Frameworks/vecLib.framework/Versions/A/libSparseBLAS.dylib
0x000000000b623000 	/System/Library/PrivateFrameworks/IOAccelerator.framework/Versions/A/IOAccelerator
0x000000000b623000 	/System/Library/PrivateFrameworks/IOPresentment.framework/Versions/A/IOPresentment
0x000000000b623000 	/System/Library/PrivateFrameworks/DSExternalDisplay.framework/Versions/A/DSExternalDisplay
0x000000000b623000 	/System/Library/Frameworks/OpenGL.framework/Versions/A/Libraries/libCoreFSCache.dylib
0x000000000b623000 	/System/Library/Frameworks/CoreVideo.framework/Versions/A/CoreVideo
0x000000000b623000 	/System/Library/PrivateFrameworks/GraphVisualizer.framework/Versions/A/GraphVisualizer
0x000000000b623000 	/System/Library/Frameworks/MetalPerformanceShaders.framework/Versions/A/MetalPerformanceShaders
0x000000000b623000 	/usr/lib/libFosl_dynamic.dylib
0x000000000b623000 	/System/Library/PrivateFrameworks/FaceCore.framework/Versions/A/FaceCore
0x000000000b623000 	/System/Library/Frameworks/OpenCL.framework/Versions/A/OpenCL
0x000000000b623000 	/usr/lib/libcompression.dylib
0x000000000b623000 	/System/Library/Frameworks/ApplicationServices.framework/Versions/A/Frameworks/ATS.framework/Versions/A/Resources/libFontParser.dylib
0x000000000b623000 	/System/Library/Frameworks/ApplicationServices.framework/Versions/A/Frameworks/ATS.framework/Versions/A/Resources/libFontRegistry.dylib
0x000000000b623000 	/System/Library/Frameworks/ImageIO.framework/Versions/A/Resources/libJPEG.dylib
0x000000000b623000 	/System/Library/Frameworks/ImageIO.framework/Versions/A/Resources/libTIFF.dylib
0x000000000b623000 	/System/Library/Frameworks/ImageIO.framework/Versions/A/Resources/libPng.dylib
0x000000000b623000 	/System/Library/Frameworks/ImageIO.framework/Versions/A/Resources/libGIF.dylib
0x000000000b623000 	/System/Library/Frameworks/ImageIO.framework/Versions/A/Resources/libJP2.dylib
0x000000000b623000 	/System/Library/Frameworks/ImageIO.framework/Versions/A/Resources/libRadiance.dylib
0x000000000b623000 	/System/Library/PrivateFrameworks/AppleJPEG.framework/Versions/A/AppleJPEG
0x000000000b623000 	/System/Library/PrivateFrameworks/MetalTools.framework/Versions/A/MetalTools
0x000000000b623000 	/System/Library/Frameworks/MetalPerformanceShaders.framework/Frameworks/MPSCore.framework/Versions/A/MPSCore
0x000000000b623000 	/System/Library/Frameworks/MetalPerformanceShaders.framework/Frameworks/MPSImage.framework/Versions/A/MPSImage
0x000000000b623000 	/System/Library/Frameworks/MetalPerformanceShaders.framework/Frameworks/MPSMatrix.framework/Versions/A/MPSMatrix
0x000000000b623000 	/System/Library/Frameworks/MetalPerformanceShaders.framework/Frameworks/MPSNeuralNetwork.framework/Versions/A/MPSNeuralNetwork
0x000000000b623000 	/System/Library/Frameworks/OpenGL.framework/Versions/A/Libraries/libGLU.dylib
0x000000000b623000 	/System/Library/Frameworks/OpenGL.framework/Versions/A/Libraries/libGFXShared.dylib
0x000000000b623000 	/System/Library/Frameworks/OpenGL.framework/Versions/A/Libraries/libGL.dylib
0x000000000b623000 	/System/Library/Frameworks/OpenGL.framework/Versions/A/Libraries/libGLImage.dylib
0x000000000b623000 	/System/Library/Frameworks/OpenGL.framework/Versions/A/Libraries/libCVMSPluginSupport.dylib
0x000000000b623000 	/System/Library/Frameworks/OpenGL.framework/Versions/A/Libraries/libCoreVMClient.dylib
0x000000000b623000 	/usr/lib/libcups.2.dylib
0x000000000b623000 	/System/Library/Frameworks/Kerberos.framework/Versions/A/Kerberos
0x000000000b623000 	/System/Library/Frameworks/GSS.framework/Versions/A/GSS
0x000000000b623000 	/usr/lib/libresolv.9.dylib
0x000000000b623000 	/usr/lib/libiconv.2.dylib
0x000000000b623000 	/System/Library/PrivateFrameworks/Heimdal.framework/Versions/A/Heimdal
0x000000000b623000 	/usr/lib/libheimdal-asn1.dylib
0x000000000b623000 	/System/Library/Frameworks/OpenDirectory.framework/Versions/A/OpenDirectory
0x000000000b623000 	/System/Library/PrivateFrameworks/CommonAuth.framework/Versions/A/CommonAuth
0x000000000b623000 	/System/Library/Frameworks/OpenDirectory.framework/Versions/A/Frameworks/CFOpenDirectory.framework/Versions/A/CFOpenDirectory
0x000000000b623000 	/System/Library/Frameworks/SecurityFoundation.framework/Versions/A/SecurityFoundation
0x000000000b623000 	/System/Library/PrivateFrameworks/APFS.framework/Versions/A/APFS
0x000000000b623000 	/usr/lib/libutil.dylib
0x000000000b623000 	/System/Library/PrivateFrameworks/AppleSauce.framework/Versions/A/AppleSauce
0x000000000b623000 	/System/Library/PrivateFrameworks/LinguisticData.framework/Versions/A/LinguisticData
0x000000000b623000 	/usr/lib/libmarisa.dylib
0x000000000b623000 	/System/Library/PrivateFrameworks/Lexicon.framework/Versions/A/Lexicon
0x000000000b623000 	/usr/lib/libChineseTokenizer.dylib
0x000000000b623000 	/usr/lib/libcmph.dylib
0x000000000b623000 	/System/Library/PrivateFrameworks/LanguageModeling.framework/Versions/A/LanguageModeling
0x000000000b623000 	/System/Library/PrivateFrameworks/CoreEmoji.framework/Versions/A/CoreEmoji
0x000000000b623000 	/System/Library/Frameworks/ServiceManagement.framework/Versions/A/ServiceManagement
0x000000000b623000 	/System/Library/PrivateFrameworks/BackgroundTaskManagement.framework/Versions/A/BackgroundTaskManagement
0x000000000b623000 	/usr/lib/libxslt.1.dylib
0x000000000b623000 	/System/Library/Frameworks/Carbon.framework/Versions/A/Frameworks/Ink.framework/Versions/A/Ink
0x000000000b623000 	/System/Library/PrivateFrameworks/TextureIO.framework/Versions/A/TextureIO
0x000000000b623000 	/usr/lib/libate.dylib
0x000000000b623000 	/System/Library/PrivateFrameworks/CrashReporterSupport.framework/Versions/A/CrashReporterSupport
0x000000000b623000 	/System/Library/PrivateFrameworks/Sharing.framework/Versions/A/Sharing
0x000000000b623000 	/System/Library/PrivateFrameworks/IconServices.framework/Versions/A/IconServices
0x000000000b623000 	/System/Library/PrivateFrameworks/ProtocolBuffer.framework/Versions/A/ProtocolBuffer
0x000000000b623000 	/System/Library/PrivateFrameworks/Apple80211.framework/Versions/A/Apple80211
0x000000000b623000 	/System/Library/Frameworks/CoreWLAN.framework/Versions/A/CoreWLAN
0x000000000b623000 	/System/Library/PrivateFrameworks/CoreUtils.framework/Versions/A/CoreUtils
0x000000000b623000 	/System/Library/Frameworks/IOBluetooth.framework/Versions/A/IOBluetooth
0x000000000b623000 	/System/Library/PrivateFrameworks/CoreWiFi.framework/Versions/A/CoreWiFi
0x000000000b623000 	/System/Library/Frameworks/CoreBluetooth.framework/Versions/A/CoreBluetooth
0x000000000b623000 	/System/Library/PrivateFrameworks/SignpostNotification.framework/Versions/A/SignpostNotification
0x000000000b623000 	/System/Library/PrivateFrameworks/DebugSymbols.framework/Versions/A/DebugSymbols
0x000000000b623000 	/System/Library/PrivateFrameworks/CoreSymbolication.framework/Versions/A/CoreSymbolication
0x000000000b623000 	/System/Library/PrivateFrameworks/Symbolication.framework/Versions/A/Symbolication
0x000000000b623000 	/System/Library/PrivateFrameworks/AppleFSCompression.framework/Versions/A/AppleFSCompression
0x000000000b623000 	/System/Library/PrivateFrameworks/SpeechRecognitionCore.framework/Versions/A/SpeechRecognitionCore
0x0000000100e00000 	/Library/Java/JavaVirtualMachines/jdk1.7.0_80.jdk/Contents/Home/jre/lib/server/libjvm.dylib
0x000000000b623000 	/usr/lib/libstdc++.6.0.9.dylib
0x00000001004a8000 	/Library/Java/JavaVirtualMachines/jdk1.7.0_80.jdk/Contents/Home/jre/lib/libverify.dylib
0x00000001004b5000 	/Library/Java/JavaVirtualMachines/jdk1.7.0_80.jdk/Contents/Home/jre/lib/libjava.dylib
0x000000010052f000 	/Library/Java/JavaVirtualMachines/jdk1.7.0_80.jdk/Contents/Home/jre/lib/libzip.dylib
0x000000000b623000 	/System/Library/Frameworks/JavaVM.framework/Versions/A/Frameworks/JavaRuntimeSupport.framework/Versions/A/JavaRuntimeSupport
0x000000000b623000 	/System/Library/Frameworks/JavaVM.framework/Versions/A/Frameworks/JavaNativeFoundation.framework/Versions/A/JavaNativeFoundation
0x000000000b623000 	/System/Library/Frameworks/JavaVM.framework/Versions/A/JavaVM
0x000000000b623000 	/System/Library/Frameworks/Carbon.framework/Versions/A/Carbon
0x000000000b623000 	/System/Library/PrivateFrameworks/JavaLaunching.framework/Versions/A/JavaLaunching
0x000000000b623000 	/System/Library/Frameworks/Carbon.framework/Versions/A/Frameworks/CommonPanels.framework/Versions/A/CommonPanels
0x000000000b623000 	/System/Library/Frameworks/Carbon.framework/Versions/A/Frameworks/Help.framework/Versions/A/Help
0x000000000b623000 	/System/Library/Frameworks/Carbon.framework/Versions/A/Frameworks/ImageCapture.framework/Versions/A/ImageCapture
0x000000000b623000 	/System/Library/Frameworks/Carbon.framework/Versions/A/Frameworks/OpenScripting.framework/Versions/A/OpenScripting
0x000000000b623000 	/System/Library/Frameworks/Carbon.framework/Versions/A/Frameworks/Print.framework/Versions/A/Print
0x000000000b623000 	/System/Library/Frameworks/Carbon.framework/Versions/A/Frameworks/SecurityHI.framework/Versions/A/SecurityHI
0x0000000109d79000 	/Library/Java/JavaVirtualMachines/jdk1.7.0_80.jdk/Contents/Home/jre/lib/libjawt.dylib
0x0000000109d7c000 	/Library/Java/JavaVirtualMachines/jdk1.7.0_80.jdk/Contents/Home/jre/lib/lwawt/liblwawt.dylib
0x0000000109e32000 	/Library/Java/JavaVirtualMachines/jdk1.7.0_80.jdk/Contents/Home/jre/lib/./libawt.dylib
0x0000000109ee1000 	/Library/Java/JavaVirtualMachines/jdk1.7.0_80.jdk/Contents/Home/jre/lib/./libmlib_image.dylib
0x0000000109fad000 	/Library/Java/JavaVirtualMachines/jdk1.7.0_80.jdk/Contents/Home/jre/lib/./libosxapp.dylib
0x000000000b623000 	/System/Library/Frameworks/ExceptionHandling.framework/Versions/A/ExceptionHandling

VM Arguments:
jvm_args: -Dfile.encoding=UTF-8 
java_command: com.ru.usty.elevator.ElevatorMainProgram
Launcher Type: SUN_STANDARD

Environment Variables:
PATH=/usr/bin:/bin:/usr/sbin:/sbin
SHELL=/bin/bash

Signal Handlers:
SIGSEGV: [libjvm.dylib+0x52e8c9], sa_mask[0]=0xfffefeff, sa_flags=0x00000043
SIGBUS: [libjvm.dylib+0x52e8c9], sa_mask[0]=0xfffefeff, sa_flags=0x00000042
SIGFPE: [libjvm.dylib+0x42022e], sa_mask[0]=0xfffefeff, sa_flags=0x00000042
SIGPIPE: [libjvm.dylib+0x42022e], sa_mask[0]=0xfffefeff, sa_flags=0x00000042
SIGXFSZ: [libjvm.dylib+0x42022e], sa_mask[0]=0xfffefeff, sa_flags=0x00000042
SIGILL: [libjvm.dylib+0x42022e], sa_mask[0]=0xfffefeff, sa_flags=0x00000042
SIGUSR1: SIG_DFL, sa_mask[0]=0x00000000, sa_flags=0x00000000
SIGUSR2: [libjvm.dylib+0x41fd20], sa_mask[0]=0x00000004, sa_flags=0x00000042
SIGHUP: [libjvm.dylib+0x41dfd5], sa_mask[0]=0xfffefeff, sa_flags=0x00000042
SIGINT: [libjvm.dylib+0x41dfd5], sa_mask[0]=0xfffefeff, sa_flags=0x00000042
SIGTERM: [libjvm.dylib+0x41dfd5], sa_mask[0]=0xfffefeff, sa_flags=0x00000042
SIGQUIT: [libjvm.dylib+0x41dfd5], sa_mask[0]=0xfffefeff, sa_flags=0x00000042


---------------  S Y S T E M  ---------------

OS:Bsduname:Darwin 17.2.0 Darwin Kernel Version 17.2.0: Fri Sep 29 18:27:05 PDT 2017; root:xnu-4570.20.62~3/RELEASE_X86_64 x86_64
rlimit: STACK 8192k, CORE 0k, NPROC 709, NOFILE 10240, AS infinity
load average:1.70 1.83 1.84

CPU:total 4 (2 cores per cpu, 2 threads per core) family 6 model 69 stepping 1, cmov, cx8, fxsr, mmx, sse, sse2, sse3, ssse3, sse4.1, sse4.2, popcnt, avx, avx2, aes, erms, ht, tsc, tscinvbit

Memory: 4k page, physical 4194304k(1048576k free)

/proc/meminfo:


vm_info: Java HotSpot(TM) 64-Bit Server VM (24.80-b11) for bsd-amd64 JRE (1.7.0_80-b15), built on Apr 10 2015 11:25:43 by "java_re" with gcc 4.2.1 (Based on Apple Inc. build 5658) (LLVM build 2336.11.00)

time: Tue Feb 20 23:00:19 2018
elapsed time: 0 seconds

